<?xml version="1.0" encoding="UTF-8"?>
<!-- Generated by org.testng.reporters.JUnitReportReporter -->
<testsuite skipped="0" hostname="VD3AMSTW10P174" name="com.test.pack.Testclass" tests="1" failures="0" timestamp="2019-10-11T16:38:18 IST" time="0.024" errors="0">
  <testcase name="test" time="0.024" classname="com.test.pack.Testclass"/>
</testsuite> <!-- com.test.pack.Testclass -->
